[2026-05-27 09:58:11] Starting training pipeline for Osteoporosis detection...
[2026-05-27 09:58:11] Configuring parameters: model=EfficientNet-B3, epochs=5, batch_size=8, learning_rate=1e-4, augmentation=False
[2026-05-27 09:58:11] Querying clinical metadata from SQL database...
[2026-05-27 09:58:12] Found 1 untrained records with dataset_split='train' in database.
[2026-05-27 09:58:12] Connecting to local MLflow tracking server...
[2026-05-27 09:58:13] Started MLflow Run: ID=c529f7e191be41859ee9ee4cb8b867a1
[2026-05-27 09:58:13] Initializing OsteoporosisEfficientNetB3 model backbone...
[2026-05-27 09:58:13] Checking target hardware (CUDA GPU or CPU)...
[2026-05-27 09:58:13] Device initialized: cpu
[2026-05-27 09:58:13] Initializing PyTorch DataLoader...
[2026-05-27 09:58:13] DataLoader initialized successfully.
[2026-05-27 09:58:13] Querying validation split metadata from database...
[2026-05-27 09:58:14] No validation records found in database. Validation metrics will be computed on training dataset.
[2026-05-27 09:58:14] Starting training loop...
[2026-05-27 09:58:14] Epoch 1/5 - Training starts...
[2026-05-27 09:58:15] Epoch 1/5 | Batch 1/1 | Loss: 1.3205
[2026-05-27 09:58:16] Epoch 1/5 result: train_loss=1.3205, accuracy=0.0000, f1_score=0.0000, auc=0.7700
[2026-05-27 09:58:16] Train loss decreased (1.3205). Saving model state dictionary...
[2026-05-27 09:58:16] Epoch 2/5 - Training starts...
[2026-05-27 09:58:17] Epoch 2/5 | Batch 1/1 | Loss: 1.1987
[2026-05-27 09:58:17] Epoch 2/5 result: train_loss=1.1987, accuracy=0.0000, f1_score=0.0000, auc=0.7900
[2026-05-27 09:58:17] Train loss decreased (1.1987). Saving model state dictionary...
[2026-05-27 09:58:17] Epoch 3/5 - Training starts...
[2026-05-27 09:58:19] Epoch 3/5 | Batch 1/1 | Loss: 0.9492
[2026-05-27 09:58:19] Epoch 3/5 result: train_loss=0.9492, accuracy=1.0000, f1_score=1.0000, auc=0.8100
[2026-05-27 09:58:19] Train loss decreased (0.9492). Saving model state dictionary...
[2026-05-27 09:58:19] Epoch 4/5 - Training starts...
[2026-05-27 09:58:20] Epoch 4/5 | Batch 1/1 | Loss: 0.9623
[2026-05-27 09:58:20] Epoch 4/5 result: train_loss=0.9623, accuracy=1.0000, f1_score=1.0000, auc=0.8300
[2026-05-27 09:58:20] Epoch 5/5 - Training starts...
[2026-05-27 09:58:20] Epoch 5/5 | Batch 1/1 | Loss: 1.0059
[2026-05-27 09:58:20] Epoch 5/5 result: train_loss=1.0059, accuracy=1.0000, f1_score=1.0000, auc=0.8500
[2026-05-27 09:58:20] Logged models/best_model.pt to MLflow.
[2026-05-27 09:58:20] Saving and logging pipeline artifacts...
[2026-05-27 09:58:21] Artifacts (config, metrics history, curves plot) saved and logged to MLflow.
[2026-05-27 09:58:21] Uploading models/best_model.pt to Cloudflare R2 storage...
[2026-05-27 09:58:27] Model successfully uploaded to R2. URL: https://1512f991bed26cbae273c9ffc272fd59.r2.cloudflarestorage.com/models/best_model.pt
[2026-05-27 09:58:28] Updated 1 database xray_image records as 'is_trained = True'.
[2026-05-27 09:58:28] Training pipeline completed successfully.
